{"C:\\Users\\rajae\\Fam_Clock\\backend\\src\\middlewares\\pinAttemptLimiter.js": {"path":"C:\\Users\\rajae\\Fam_Clock\\backend\\src\\middlewares\\pinAttemptLimiter.js","statementMap":{"0":{"start":{"line":1,"column":28},"end":{"line":1,"column":29}},"1":{"start":{"line":2,"column":26},"end":{"line":2,"column":40}},"2":{"start":{"line":4,"column":22},"end":{"line":4,"column":31}},"3":{"start":{"line":6,"column":22},"end":{"line":14,"column":1}},"4":{"start":{"line":7,"column":13},"end":{"line":7,"column":65}},"5":{"start":{"line":9,"column":21},"end":{"line":11,"column":18}},"6":{"start":{"line":13,"column":2},"end":{"line":13,"column":31}},"7":{"start":{"line":16,"column":26},"end":{"line":39,"column":1}},"8":{"start":{"line":17,"column":14},"end":{"line":17,"column":32}},"9":{"start":{"line":18,"column":17},"end":{"line":18,"column":39}},"10":{"start":{"line":20,"column":2},"end":{"line":22,"column":3}},"11":{"start":{"line":21,"column":4},"end":{"line":21,"column":18}},"12":{"start":{"line":24,"column":2},"end":{"line":32,"column":3}},"13":{"start":{"line":25,"column":24},"end":{"line":25,"column":56}},"14":{"start":{"line":26,"column":29},"end":{"line":26,"column":59}},"15":{"start":{"line":28,"column":4},"end":{"line":31,"column":7}},"16":{"start":{"line":34,"column":2},"end":{"line":36,"column":3}},"17":{"start":{"line":35,"column":4},"end":{"line":35,"column":30}},"18":{"start":{"line":38,"column":2},"end":{"line":38,"column":16}},"19":{"start":{"line":41,"column":33},"end":{"line":69,"column":1}},"20":{"start":{"line":42,"column":14},"end":{"line":42,"column":32}},"21":{"start":{"line":44,"column":17},"end":{"line":47,"column":3}},"22":{"start":{"line":49,"column":2},"end":{"line":49,"column":29}},"23":{"start":{"line":51,"column":28},"end":{"line":51,"column":71}},"24":{"start":{"line":53,"column":2},"end":{"line":61,"column":3}},"25":{"start":{"line":54,"column":4},"end":{"line":54,"column":57}},"26":{"start":{"line":55,"column":4},"end":{"line":55,"column":35}},"27":{"start":{"line":57,"column":4},"end":{"line":60,"column":6}},"28":{"start":{"line":63,"column":2},"end":{"line":63,"column":33}},"29":{"start":{"line":65,"column":2},"end":{"line":68,"column":4}},"30":{"start":{"line":71,"column":25},"end":{"line":74,"column":1}},"31":{"start":{"line":72,"column":14},"end":{"line":72,"column":32}},"32":{"start":{"line":73,"column":2},"end":{"line":73,"column":28}},"33":{"start":{"line":76,"column":0},"end":{"line":80,"column":2}}},"fnMap":{"0":{"name":"(anonymous_0)","decl":{"start":{"line":6,"column":22},"end":{"line":6,"column":23}},"loc":{"start":{"line":6,"column":31},"end":{"line":14,"column":1}},"line":6},"1":{"name":"(anonymous_1)","decl":{"start":{"line":16,"column":26},"end":{"line":16,"column":27}},"loc":{"start":{"line":16,"column":46},"end":{"line":39,"column":1}},"line":16},"2":{"name":"(anonymous_2)","decl":{"start":{"line":41,"column":33},"end":{"line":41,"column":34}},"loc":{"start":{"line":41,"column":42},"end":{"line":69,"column":1}},"line":41},"3":{"name":"(anonymous_3)","decl":{"start":{"line":71,"column":25},"end":{"line":71,"column":26}},"loc":{"start":{"line":71,"column":34},"end":{"line":74,"column":1}},"line":71}},"branchMap":{"0":{"loc":{"start":{"line":7,"column":13},"end":{"line":7,"column":65}},"type":"binary-expr","locations":[{"start":{"line":7,"column":13},"end":{"line":7,"column":19}},{"start":{"line":7,"column":23},"end":{"line":7,"column":52}},{"start":{"line":7,"column":56},"end":{"line":7,"column":65}}],"line":7},"1":{"loc":{"start":{"line":9,"column":28},"end":{"line":9,"column":54}},"type":"binary-expr","locations":[{"start":{"line":9,"column":28},"end":{"line":9,"column":48}},{"start":{"line":9,"column":52},"end":{"line":9,"column":54}}],"line":9},"2":{"loc":{"start":{"line":20,"column":2},"end":{"line":22,"column":3}},"type":"if","locations":[{"start":{"line":20,"column":2},"end":{"line":22,"column":3}},{"start":{},"end":{}}],"line":20},"3":{"loc":{"start":{"line":24,"column":2},"end":{"line":32,"column":3}},"type":"if","locations":[{"start":{"line":24,"column":2},"end":{"line":32,"column":3}},{"start":{},"end":{}}],"line":24},"4":{"loc":{"start":{"line":24,"column":6},"end":{"line":24,"column":61}},"type":"binary-expr","locations":[{"start":{"line":24,"column":6},"end":{"line":24,"column":25}},{"start":{"line":24,"column":29},"end":{"line":24,"column":61}}],"line":24},"5":{"loc":{"start":{"line":34,"column":2},"end":{"line":36,"column":3}},"type":"if","locations":[{"start":{"line":34,"column":2},"end":{"line":36,"column":3}},{"start":{},"end":{}}],"line":34},"6":{"loc":{"start":{"line":34,"column":6},"end":{"line":34,"column":62}},"type":"binary-expr","locations":[{"start":{"line":34,"column":6},"end":{"line":34,"column":25}},{"start":{"line":34,"column":29},"end":{"line":34,"column":62}}],"line":34},"7":{"loc":{"start":{"line":44,"column":17},"end":{"line":47,"column":3}},"type":"binary-expr","locations":[{"start":{"line":44,"column":17},"end":{"line":44,"column":39}},{"start":{"line":44,"column":43},"end":{"line":47,"column":3}}],"line":44},"8":{"loc":{"start":{"line":53,"column":2},"end":{"line":61,"column":3}},"type":"if","locations":[{"start":{"line":53,"column":2},"end":{"line":61,"column":3}},{"start":{},"end":{}}],"line":53}},"s":{"0":1,"1":1,"2":1,"3":1,"4":8,"5":8,"6":8,"7":1,"8":0,"9":0,"10":0,"11":0,"12":0,"13":0,"14":0,"15":0,"16":0,"17":0,"18":0,"19":1,"20":7,"21":7,"22":7,"23":7,"24":7,"25":1,"26":1,"27":1,"28":6,"29":6,"30":1,"31":1,"32":1,"33":1},"f":{"0":8,"1":0,"2":7,"3":1},"b":{"0":[8,0,0],"1":[8,0],"2":[0,0],"3":[0,0],"4":[0,0],"5":[0,0],"6":[0,0],"7":[7,4],"8":[1,6]},"_coverageSchema":"1a1c01bbd47fc00a2c39e90264f33305004495a9","hash":"58f573fe25e600db4f4a0be8cebd9cc7cd84ceca"}
,"C:\\Users\\rajae\\Fam_Clock\\backend\\src\\utils\\clockPosition.utils.js": {"path":"C:\\Users\\rajae\\Fam_Clock\\backend\\src\\utils\\clockPosition.utils.js","statementMap":{"0":{"start":{"line":1,"column":30},"end":{"line":3,"column":1}},"1":{"start":{"line":2,"column":2},"end":{"line":2,"column":49}},"2":{"start":{"line":5,"column":34},"end":{"line":11,"column":1}},"3":{"start":{"line":6,"column":16},"end":{"line":8,"column":3}},"4":{"start":{"line":7,"column":4},"end":{"line":7,"column":40}},"5":{"start":{"line":10,"column":2},"end":{"line":10,"column":46}},"6":{"start":{"line":13,"column":34},"end":{"line":17,"column":1}},"7":{"start":{"line":14,"column":16},"end":{"line":14,"column":63}},"8":{"start":{"line":14,"column":44},"end":{"line":14,"column":62}},"9":{"start":{"line":16,"column":2},"end":{"line":16,"column":46}},"10":{"start":{"line":19,"column":31},"end":{"line":41,"column":1}},"11":{"start":{"line":20,"column":17},"end":{"line":20,"column":19}},"12":{"start":{"line":22,"column":2},"end":{"line":27,"column":3}},"13":{"start":{"line":23,"column":4},"end":{"line":26,"column":6}},"14":{"start":{"line":29,"column":2},"end":{"line":31,"column":3}},"15":{"start":{"line":30,"column":4},"end":{"line":30,"column":70}},"16":{"start":{"line":33,"column":2},"end":{"line":35,"column":3}},"17":{"start":{"line":34,"column":4},"end":{"line":34,"column":76}},"18":{"start":{"line":37,"column":2},"end":{"line":40,"column":4}},"19":{"start":{"line":43,"column":0},"end":{"line":48,"column":2}}},"fnMap":{"0":{"name":"(anonymous_0)","decl":{"start":{"line":1,"column":30},"end":{"line":1,"column":31}},"loc":{"start":{"line":1,"column":40},"end":{"line":3,"column":1}},"line":1},"1":{"name":"(anonymous_1)","decl":{"start":{"line":5,"column":34},"end":{"line":5,"column":35}},"loc":{"start":{"line":5,"column":49},"end":{"line":11,"column":1}},"line":5},"2":{"name":"(anonymous_2)","decl":{"start":{"line":6,"column":30},"end":{"line":6,"column":31}},"loc":{"start":{"line":7,"column":4},"end":{"line":7,"column":40}},"line":7},"3":{"name":"(anonymous_3)","decl":{"start":{"line":13,"column":34},"end":{"line":13,"column":35}},"loc":{"start":{"line":13,"column":49},"end":{"line":17,"column":1}},"line":13},"4":{"name":"(anonymous_4)","decl":{"start":{"line":14,"column":30},"end":{"line":14,"column":31}},"loc":{"start":{"line":14,"column":44},"end":{"line":14,"column":62}},"line":14},"5":{"name":"(anonymous_5)","decl":{"start":{"line":19,"column":31},"end":{"line":19,"column":32}},"loc":{"start":{"line":19,"column":46},"end":{"line":41,"column":1}},"line":19}},"branchMap":{"0":{"loc":{"start":{"line":2,"column":16},"end":{"line":2,"column":26}},"type":"binary-expr","locations":[{"start":{"line":2,"column":16},"end":{"line":2,"column":20}},{"start":{"line":2,"column":24},"end":{"line":2,"column":26}}],"line":2},"1":{"loc":{"start":{"line":22,"column":2},"end":{"line":27,"column":3}},"type":"if","locations":[{"start":{"line":22,"column":2},"end":{"line":27,"column":3}},{"start":{},"end":{}}],"line":22},"2":{"loc":{"start":{"line":29,"column":2},"end":{"line":31,"column":3}},"type":"if","locations":[{"start":{"line":29,"column":2},"end":{"line":31,"column":3}},{"start":{},"end":{}}],"line":29},"3":{"loc":{"start":{"line":33,"column":2},"end":{"line":35,"column":3}},"type":"if","locations":[{"start":{"line":33,"column":2},"end":{"line":35,"column":3}},{"start":{},"end":{}}],"line":33}},"s":{"0":1,"1":14,"2":1,"3":4,"4":12,"5":4,"6":1,"7":3,"8":9,"9":3,"10":1,"11":2,"12":2,"13":0,"14":2,"15":1,"16":2,"17":1,"18":2,"19":1},"f":{"0":14,"1":4,"2":12,"3":3,"4":9,"5":2},"b":{"0":[14,0],"1":[0,2],"2":[1,1],"3":[1,1]},"_coverageSchema":"1a1c01bbd47fc00a2c39e90264f33305004495a9","hash":"c669d317381db2dc6553e3a1e1192ca6930fa043"}
,"C:\\Users\\rajae\\Fam_Clock\\backend\\src\\utils\\crypto.utils.js": {"path":"C:\\Users\\rajae\\Fam_Clock\\backend\\src\\utils\\crypto.utils.js","statementMap":{"0":{"start":{"line":1,"column":15},"end":{"line":1,"column":32}},"1":{"start":{"line":3,"column":18},"end":{"line":3,"column":31}},"2":{"start":{"line":6,"column":14},"end":{"line":6,"column":40}},"3":{"start":{"line":8,"column":2},"end":{"line":10,"column":3}},"4":{"start":{"line":9,"column":4},"end":{"line":9,"column":74}},"5":{"start":{"line":12,"column":17},"end":{"line":12,"column":40}},"6":{"start":{"line":14,"column":2},"end":{"line":16,"column":3}},"7":{"start":{"line":15,"column":4},"end":{"line":15,"column":64}},"8":{"start":{"line":18,"column":2},"end":{"line":18,"column":16}},"9":{"start":{"line":22,"column":2},"end":{"line":22,"column":26}},"10":{"start":{"line":22,"column":14},"end":{"line":22,"column":26}},"11":{"start":{"line":24,"column":13},"end":{"line":24,"column":35}},"12":{"start":{"line":25,"column":17},"end":{"line":25,"column":63}},"13":{"start":{"line":27,"column":20},"end":{"line":30,"column":4}},"14":{"start":{"line":32,"column":18},"end":{"line":32,"column":37}},"15":{"start":{"line":34,"column":2},"end":{"line":38,"column":14}},"16":{"start":{"line":42,"column":2},"end":{"line":42,"column":35}},"17":{"start":{"line":42,"column":23},"end":{"line":42,"column":35}},"18":{"start":{"line":44,"column":44},"end":{"line":44,"column":69}},"19":{"start":{"line":46,"column":2},"end":{"line":48,"column":3}},"20":{"start":{"line":47,"column":4},"end":{"line":47,"column":54}},"21":{"start":{"line":50,"column":13},"end":{"line":50,"column":38}},"22":{"start":{"line":51,"column":18},"end":{"line":51,"column":48}},"23":{"start":{"line":52,"column":20},"end":{"line":52,"column":52}},"24":{"start":{"line":54,"column":19},"end":{"line":54,"column":67}},"25":{"start":{"line":55,"column":2},"end":{"line":55,"column":31}},"26":{"start":{"line":57,"column":20},"end":{"line":60,"column":4}},"27":{"start":{"line":62,"column":2},"end":{"line":62,"column":36}},"28":{"start":{"line":65,"column":0},"end":{"line":68,"column":2}}},"fnMap":{"0":{"name":"getKey","decl":{"start":{"line":5,"column":9},"end":{"line":5,"column":15}},"loc":{"start":{"line":5,"column":18},"end":{"line":19,"column":1}},"line":5},"1":{"name":"encryptToken","decl":{"start":{"line":21,"column":9},"end":{"line":21,"column":21}},"loc":{"start":{"line":21,"column":29},"end":{"line":39,"column":1}},"line":21},"2":{"name":"decryptToken","decl":{"start":{"line":41,"column":9},"end":{"line":41,"column":21}},"loc":{"start":{"line":41,"column":38},"end":{"line":63,"column":1}},"line":41}},"branchMap":{"0":{"loc":{"start":{"line":8,"column":2},"end":{"line":10,"column":3}},"type":"if","locations":[{"start":{"line":8,"column":2},"end":{"line":10,"column":3}},{"start":{},"end":{}}],"line":8},"1":{"loc":{"start":{"line":14,"column":2},"end":{"line":16,"column":3}},"type":"if","locations":[{"start":{"line":14,"column":2},"end":{"line":16,"column":3}},{"start":{},"end":{}}],"line":14},"2":{"loc":{"start":{"line":22,"column":2},"end":{"line":22,"column":26}},"type":"if","locations":[{"start":{"line":22,"column":2},"end":{"line":22,"column":26}},{"start":{},"end":{}}],"line":22},"3":{"loc":{"start":{"line":42,"column":2},"end":{"line":42,"column":35}},"type":"if","locations":[{"start":{"line":42,"column":2},"end":{"line":42,"column":35}},{"start":{},"end":{}}],"line":42},"4":{"loc":{"start":{"line":46,"column":2},"end":{"line":48,"column":3}},"type":"if","locations":[{"start":{"line":46,"column":2},"end":{"line":48,"column":3}},{"start":{},"end":{}}],"line":46},"5":{"loc":{"start":{"line":46,"column":6},"end":{"line":46,"column":44}},"type":"binary-expr","locations":[{"start":{"line":46,"column":6},"end":{"line":46,"column":12}},{"start":{"line":46,"column":16},"end":{"line":46,"column":27}},{"start":{"line":46,"column":31},"end":{"line":46,"column":44}}],"line":46}},"s":{"0":1,"1":1,"2":4,"3":4,"4":0,"5":4,"6":4,"7":0,"8":4,"9":3,"10":0,"11":3,"12":3,"13":3,"14":3,"15":3,"16":1,"17":0,"18":1,"19":1,"20":0,"21":1,"22":1,"23":1,"24":1,"25":1,"26":1,"27":1,"28":1},"f":{"0":4,"1":3,"2":1},"b":{"0":[0,4],"1":[0,4],"2":[0,3],"3":[0,1],"4":[0,1],"5":[1,1,1]},"_coverageSchema":"1a1c01bbd47fc00a2c39e90264f33305004495a9","hash":"4f143326c4e8187af66314ab693936a6e7ac7c10"}
,"C:\\Users\\rajae\\Fam_Clock\\backend\\src\\utils\\pin.utils.js": {"path":"C:\\Users\\rajae\\Fam_Clock\\backend\\src\\utils\\pin.utils.js","statementMap":{"0":{"start":{"line":1,"column":28},"end":{"line":3,"column":1}},"1":{"start":{"line":2,"column":2},"end":{"line":2,"column":55}},"2":{"start":{"line":5,"column":21},"end":{"line":7,"column":1}},"3":{"start":{"line":6,"column":2},"end":{"line":6,"column":34}},"4":{"start":{"line":9,"column":19},"end":{"line":11,"column":1}},"5":{"start":{"line":10,"column":2},"end":{"line":10,"column":43}},"6":{"start":{"line":13,"column":0},"end":{"line":17,"column":2}}},"fnMap":{"0":{"name":"(anonymous_0)","decl":{"start":{"line":1,"column":28},"end":{"line":1,"column":29}},"loc":{"start":{"line":1,"column":44},"end":{"line":3,"column":1}},"line":1},"1":{"name":"(anonymous_1)","decl":{"start":{"line":5,"column":21},"end":{"line":5,"column":22}},"loc":{"start":{"line":5,"column":30},"end":{"line":7,"column":1}},"line":5},"2":{"name":"(anonymous_2)","decl":{"start":{"line":9,"column":19},"end":{"line":9,"column":20}},"loc":{"start":{"line":9,"column":28},"end":{"line":11,"column":1}},"line":9}},"branchMap":{"0":{"loc":{"start":{"line":2,"column":16},"end":{"line":2,"column":32}},"type":"binary-expr","locations":[{"start":{"line":2,"column":16},"end":{"line":2,"column":26}},{"start":{"line":2,"column":30},"end":{"line":2,"column":32}}],"line":2},"1":{"loc":{"start":{"line":6,"column":16},"end":{"line":6,"column":25}},"type":"binary-expr","locations":[{"start":{"line":6,"column":16},"end":{"line":6,"column":19}},{"start":{"line":6,"column":23},"end":{"line":6,"column":25}}],"line":6}},"s":{"0":1,"1":1,"2":1,"3":10,"4":1,"5":9,"6":1},"f":{"0":1,"1":10,"2":9},"b":{"0":[1,0],"1":[10,1]},"_coverageSchema":"1a1c01bbd47fc00a2c39e90264f33305004495a9","hash":"887022e98107a0cc3f35d300918287b7477431f2"}
,"C:\\Users\\rajae\\Fam_Clock\\backend\\src\\utils\\schedule.utils.js": {"path":"C:\\Users\\rajae\\Fam_Clock\\backend\\src\\utils\\schedule.utils.js","statementMap":{"0":{"start":{"line":1,"column":22},"end":{"line":13,"column":1}},"1":{"start":{"line":2,"column":2},"end":{"line":4,"column":3}},"2":{"start":{"line":3,"column":4},"end":{"line":3,"column":47}},"3":{"start":{"line":6,"column":27},"end":{"line":6,"column":54}},"4":{"start":{"line":8,"column":2},"end":{"line":10,"column":3}},"5":{"start":{"line":9,"column":4},"end":{"line":9,"column":38}},"6":{"start":{"line":12,"column":2},"end":{"line":12,"column":30}},"7":{"start":{"line":15,"column":25},"end":{"line":17,"column":1}},"8":{"start":{"line":16,"column":2},"end":{"line":16,"column":59}},"9":{"start":{"line":19,"column":28},"end":{"line":26,"column":1}},"10":{"start":{"line":20,"column":17},"end":{"line":20,"column":48}},"11":{"start":{"line":21,"column":15},"end":{"line":21,"column":44}},"12":{"start":{"line":22,"column":17},"end":{"line":22,"column":48}},"13":{"start":{"line":23,"column":15},"end":{"line":23,"column":44}},"14":{"start":{"line":25,"column":2},"end":{"line":25,"column":40}},"15":{"start":{"line":28,"column":28},"end":{"line":39,"column":1}},"16":{"start":{"line":29,"column":2},"end":{"line":38,"column":5}},"17":{"start":{"line":30,"column":23},"end":{"line":30,"column":57}},"18":{"start":{"line":31,"column":20},"end":{"line":31,"column":56}},"19":{"start":{"line":33,"column":4},"end":{"line":35,"column":5}},"20":{"start":{"line":34,"column":6},"end":{"line":34,"column":19}},"21":{"start":{"line":37,"column":4},"end":{"line":37,"column":46}},"22":{"start":{"line":41,"column":25},"end":{"line":57,"column":1}},"23":{"start":{"line":42,"column":2},"end":{"line":44,"column":3}},"24":{"start":{"line":43,"column":4},"end":{"line":43,"column":17}},"25":{"start":{"line":46,"column":2},"end":{"line":48,"column":3}},"26":{"start":{"line":47,"column":4},"end":{"line":47,"column":47}},"27":{"start":{"line":50,"column":23},"end":{"line":50,"column":58}},"28":{"start":{"line":52,"column":2},"end":{"line":54,"column":3}},"29":{"start":{"line":53,"column":4},"end":{"line":53,"column":46}},"30":{"start":{"line":56,"column":2},"end":{"line":56,"column":28}},"31":{"start":{"line":59,"column":29},"end":{"line":92,"column":1}},"32":{"start":{"line":60,"column":17},"end":{"line":60,"column":19}},"33":{"start":{"line":62,"column":2},"end":{"line":62,"column":62}},"34":{"start":{"line":62,"column":22},"end":{"line":62,"column":62}},"35":{"start":{"line":63,"column":2},"end":{"line":63,"column":66}},"36":{"start":{"line":63,"column":24},"end":{"line":63,"column":66}},"37":{"start":{"line":67,"column":2},"end":{"line":69,"column":3}},"38":{"start":{"line":68,"column":4},"end":{"line":68,"column":53}},"39":{"start":{"line":71,"column":2},"end":{"line":71,"column":64}},"40":{"start":{"line":71,"column":23},"end":{"line":71,"column":64}},"41":{"start":{"line":72,"column":2},"end":{"line":72,"column":60}},"42":{"start":{"line":72,"column":21},"end":{"line":72,"column":60}},"43":{"start":{"line":74,"column":2},"end":{"line":80,"column":3}},"44":{"start":{"line":79,"column":4},"end":{"line":79,"column":67}},"45":{"start":{"line":84,"column":2},"end":{"line":86,"column":3}},"46":{"start":{"line":85,"column":4},"end":{"line":85,"column":71}},"47":{"start":{"line":88,"column":2},"end":{"line":91,"column":4}},"48":{"start":{"line":94,"column":0},"end":{"line":101,"column":2}}},"fnMap":{"0":{"name":"(anonymous_0)","decl":{"start":{"line":1,"column":22},"end":{"line":1,"column":23}},"loc":{"start":{"line":1,"column":32},"end":{"line":13,"column":1}},"line":1},"1":{"name":"(anonymous_1)","decl":{"start":{"line":15,"column":25},"end":{"line":15,"column":26}},"loc":{"start":{"line":15,"column":49},"end":{"line":17,"column":1}},"line":15},"2":{"name":"(anonymous_2)","decl":{"start":{"line":19,"column":28},"end":{"line":19,"column":29}},"loc":{"start":{"line":19,"column":48},"end":{"line":26,"column":1}},"line":19},"3":{"name":"(anonymous_3)","decl":{"start":{"line":28,"column":28},"end":{"line":28,"column":29}},"loc":{"start":{"line":28,"column":56},"end":{"line":39,"column":1}},"line":28},"4":{"name":"(anonymous_4)","decl":{"start":{"line":29,"column":28},"end":{"line":29,"column":29}},"loc":{"start":{"line":29,"column":38},"end":{"line":38,"column":3}},"line":29},"5":{"name":"(anonymous_5)","decl":{"start":{"line":41,"column":25},"end":{"line":41,"column":26}},"loc":{"start":{"line":41,"column":64},"end":{"line":57,"column":1}},"line":41},"6":{"name":"(anonymous_6)","decl":{"start":{"line":59,"column":29},"end":{"line":59,"column":30}},"loc":{"start":{"line":59,"column":57},"end":{"line":92,"column":1}},"line":59}},"branchMap":{"0":{"loc":{"start":{"line":2,"column":2},"end":{"line":4,"column":3}},"type":"if","locations":[{"start":{"line":2,"column":2},"end":{"line":4,"column":3}},{"start":{},"end":{}}],"line":2},"1":{"loc":{"start":{"line":8,"column":2},"end":{"line":10,"column":3}},"type":"if","locations":[{"start":{"line":8,"column":2},"end":{"line":10,"column":3}},{"start":{},"end":{}}],"line":8},"2":{"loc":{"start":{"line":8,"column":6},"end":{"line":8,"column":60}},"type":"binary-expr","locations":[{"start":{"line":8,"column":6},"end":{"line":8,"column":15}},{"start":{"line":8,"column":19},"end":{"line":8,"column":29}},{"start":{"line":8,"column":33},"end":{"line":8,"column":44}},{"start":{"line":8,"column":48},"end":{"line":8,"column":60}}],"line":8},"3":{"loc":{"start":{"line":25,"column":9},"end":{"line":25,"column":39}},"type":"binary-expr","locations":[{"start":{"line":25,"column":9},"end":{"line":25,"column":22}},{"start":{"line":25,"column":26},"end":{"line":25,"column":39}}],"line":25},"4":{"loc":{"start":{"line":33,"column":4},"end":{"line":35,"column":5}},"type":"if","locations":[{"start":{"line":33,"column":4},"end":{"line":35,"column":5}},{"start":{},"end":{}}],"line":33},"5":{"loc":{"start":{"line":33,"column":8},"end":{"line":33,"column":31}},"type":"binary-expr","locations":[{"start":{"line":33,"column":8},"end":{"line":33,"column":19}},{"start":{"line":33,"column":23},"end":{"line":33,"column":31}}],"line":33},"6":{"loc":{"start":{"line":41,"column":43},"end":{"line":41,"column":59}},"type":"default-arg","locations":[{"start":{"line":41,"column":49},"end":{"line":41,"column":59}}],"line":41},"7":{"loc":{"start":{"line":42,"column":2},"end":{"line":44,"column":3}},"type":"if","locations":[{"start":{"line":42,"column":2},"end":{"line":44,"column":3}},{"start":{},"end":{}}],"line":42},"8":{"loc":{"start":{"line":42,"column":6},"end":{"line":42,"column":25}},"type":"binary-expr","locations":[{"start":{"line":42,"column":6},"end":{"line":42,"column":11}},{"start":{"line":42,"column":15},"end":{"line":42,"column":25}}],"line":42},"9":{"loc":{"start":{"line":46,"column":2},"end":{"line":48,"column":3}},"type":"if","locations":[{"start":{"line":46,"column":2},"end":{"line":48,"column":3}},{"start":{},"end":{}}],"line":46},"10":{"loc":{"start":{"line":52,"column":2},"end":{"line":54,"column":3}},"type":"if","locations":[{"start":{"line":52,"column":2},"end":{"line":54,"column":3}},{"start":{},"end":{}}],"line":52},"11":{"loc":{"start":{"line":59,"column":36},"end":{"line":59,"column":52}},"type":"default-arg","locations":[{"start":{"line":59,"column":42},"end":{"line":59,"column":52}}],"line":59},"12":{"loc":{"start":{"line":62,"column":2},"end":{"line":62,"column":62}},"type":"if","locations":[{"start":{"line":62,"column":2},"end":{"line":62,"column":62}},{"start":{},"end":{}}],"line":62},"13":{"loc":{"start":{"line":63,"column":2},"end":{"line":63,"column":66}},"type":"if","locations":[{"start":{"line":63,"column":2},"end":{"line":63,"column":66}},{"start":{},"end":{}}],"line":63},"14":{"loc":{"start":{"line":67,"column":2},"end":{"line":69,"column":3}},"type":"if","locations":[{"start":{"line":67,"column":2},"end":{"line":69,"column":3}},{"start":{},"end":{}}],"line":67},"15":{"loc":{"start":{"line":67,"column":6},"end":{"line":67,"column":35}},"type":"binary-expr","locations":[{"start":{"line":67,"column":6},"end":{"line":67,"column":21}},{"start":{"line":67,"column":25},"end":{"line":67,"column":35}}],"line":67},"16":{"loc":{"start":{"line":71,"column":2},"end":{"line":71,"column":64}},"type":"if","locations":[{"start":{"line":71,"column":2},"end":{"line":71,"column":64}},{"start":{},"end":{}}],"line":71},"17":{"loc":{"start":{"line":72,"column":2},"end":{"line":72,"column":60}},"type":"if","locations":[{"start":{"line":72,"column":2},"end":{"line":72,"column":60}},{"start":{},"end":{}}],"line":72},"18":{"loc":{"start":{"line":74,"column":2},"end":{"line":80,"column":3}},"type":"if","locations":[{"start":{"line":74,"column":2},"end":{"line":80,"column":3}},{"start":{},"end":{}}],"line":74},"19":{"loc":{"start":{"line":75,"column":4},"end":{"line":77,"column":51}},"type":"binary-expr","locations":[{"start":{"line":75,"column":4},"end":{"line":75,"column":18}},{"start":{"line":76,"column":4},"end":{"line":76,"column":16}},{"start":{"line":77,"column":4},"end":{"line":77,"column":51}}],"line":75},"20":{"loc":{"start":{"line":84,"column":2},"end":{"line":86,"column":3}},"type":"if","locations":[{"start":{"line":84,"column":2},"end":{"line":86,"column":3}},{"start":{},"end":{}}],"line":84},"21":{"loc":{"start":{"line":84,"column":6},"end":{"line":84,"column":85}},"type":"binary-expr","locations":[{"start":{"line":84,"column":6},"end":{"line":84,"column":15}},{"start":{"line":84,"column":19},"end":{"line":84,"column":33}},{"start":{"line":84,"column":37},"end":{"line":84,"column":85}}],"line":84}},"s":{"0":1,"1":33,"2":0,"3":33,"4":33,"5":0,"6":33,"7":1,"8":9,"9":1,"10":3,"11":3,"12":3,"13":3,"14":3,"15":1,"16":2,"17":2,"18":2,"19":2,"20":1,"21":1,"22":1,"23":7,"24":0,"25":7,"26":0,"27":7,"28":7,"29":0,"30":7,"31":1,"32":6,"33":6,"34":0,"35":6,"36":1,"37":6,"38":1,"39":6,"40":0,"41":6,"42":0,"43":6,"44":0,"45":6,"46":2,"47":6,"48":1},"f":{"0":33,"1":9,"2":3,"3":2,"4":2,"5":7,"6":6},"b":{"0":[0,33],"1":[0,33],"2":[33,33,33,33],"3":[3,3],"4":[1,1],"5":[2,1],"6":[0],"7":[0,7],"8":[7,7],"9":[0,7],"10":[0,7],"11":[2],"12":[0,6],"13":[1,5],"14":[1,5],"15":[6,4],"16":[0,6],"17":[0,6],"18":[0,6],"19":[6,6,6],"20":[2,4],"21":[6,3,3]},"_coverageSchema":"1a1c01bbd47fc00a2c39e90264f33305004495a9","hash":"47e1632ae3bf698a8903efce7aaf90fe2cc540a6"}
,"C:\\Users\\rajae\\Fam_Clock\\backend\\src\\utils\\servo.utils.js": {"path":"C:\\Users\\rajae\\Fam_Clock\\backend\\src\\utils\\servo.utils.js","statementMap":{"0":{"start":{"line":1,"column":18},"end":{"line":1,"column":19}},"1":{"start":{"line":2,"column":18},"end":{"line":2,"column":21}},"2":{"start":{"line":3,"column":21},"end":{"line":3,"column":22}},"3":{"start":{"line":4,"column":21},"end":{"line":4,"column":22}},"4":{"start":{"line":6,"column":19},"end":{"line":17,"column":1}},"5":{"start":{"line":7,"column":23},"end":{"line":7,"column":36}},"6":{"start":{"line":9,"column":2},"end":{"line":11,"column":3}},"7":{"start":{"line":10,"column":4},"end":{"line":10,"column":38}},"8":{"start":{"line":13,"column":2},"end":{"line":13,"column":49}},"9":{"start":{"line":13,"column":32},"end":{"line":13,"column":49}},"10":{"start":{"line":14,"column":2},"end":{"line":14,"column":49}},"11":{"start":{"line":14,"column":32},"end":{"line":14,"column":49}},"12":{"start":{"line":16,"column":2},"end":{"line":16,"column":22}},"13":{"start":{"line":19,"column":23},"end":{"line":26,"column":1}},"14":{"start":{"line":20,"column":20},"end":{"line":20,"column":37}},"15":{"start":{"line":22,"column":2},"end":{"line":25,"column":4}},"16":{"start":{"line":28,"column":24},"end":{"line":34,"column":1}},"17":{"start":{"line":29,"column":2},"end":{"line":31,"column":3}},"18":{"start":{"line":30,"column":4},"end":{"line":30,"column":41}},"19":{"start":{"line":33,"column":2},"end":{"line":33,"column":48}},"20":{"start":{"line":36,"column":0},"end":{"line":40,"column":2}}},"fnMap":{"0":{"name":"(anonymous_0)","decl":{"start":{"line":6,"column":19},"end":{"line":6,"column":20}},"loc":{"start":{"line":6,"column":30},"end":{"line":17,"column":1}},"line":6},"1":{"name":"(anonymous_1)","decl":{"start":{"line":19,"column":23},"end":{"line":19,"column":24}},"loc":{"start":{"line":19,"column":34},"end":{"line":26,"column":1}},"line":19},"2":{"name":"(anonymous_2)","decl":{"start":{"line":28,"column":24},"end":{"line":28,"column":25}},"loc":{"start":{"line":28,"column":63},"end":{"line":34,"column":1}},"line":28}},"branchMap":{"0":{"loc":{"start":{"line":9,"column":2},"end":{"line":11,"column":3}},"type":"if","locations":[{"start":{"line":9,"column":2},"end":{"line":11,"column":3}},{"start":{},"end":{}}],"line":9},"1":{"loc":{"start":{"line":13,"column":2},"end":{"line":13,"column":49}},"type":"if","locations":[{"start":{"line":13,"column":2},"end":{"line":13,"column":49}},{"start":{},"end":{}}],"line":13},"2":{"loc":{"start":{"line":14,"column":2},"end":{"line":14,"column":49}},"type":"if","locations":[{"start":{"line":14,"column":2},"end":{"line":14,"column":49}},{"start":{},"end":{}}],"line":14},"3":{"loc":{"start":{"line":28,"column":40},"end":{"line":28,"column":58}},"type":"default-arg","locations":[{"start":{"line":28,"column":57},"end":{"line":28,"column":58}}],"line":28},"4":{"loc":{"start":{"line":29,"column":2},"end":{"line":31,"column":3}},"type":"if","locations":[{"start":{"line":29,"column":2},"end":{"line":31,"column":3}},{"start":{},"end":{}}],"line":29},"5":{"loc":{"start":{"line":29,"column":6},"end":{"line":29,"column":58}},"type":"binary-expr","locations":[{"start":{"line":29,"column":6},"end":{"line":29,"column":23}},{"start":{"line":29,"column":27},"end":{"line":29,"column":58}}],"line":29}},"s":{"0":1,"1":1,"2":1,"3":1,"4":1,"5":7,"6":7,"7":0,"8":7,"9":1,"10":6,"11":1,"12":5,"13":1,"14":4,"15":4,"16":1,"17":6,"18":2,"19":4,"20":1},"f":{"0":7,"1":4,"2":6},"b":{"0":[0,7],"1":[1,6],"2":[1,5],"3":[0],"4":[2,4],"5":[6,5]},"_coverageSchema":"1a1c01bbd47fc00a2c39e90264f33305004495a9","hash":"2f06b0a07078283eea8e4b114885be8871efd0b1"}
}
