TN:
SF:src\middlewares\pinAttemptLimiter.js
FN:6,(anonymous_0)
FN:16,(anonymous_1)
FN:41,(anonymous_2)
FN:71,(anonymous_3)
FNF:4
FNH:3
FNDA:8,(anonymous_0)
FNDA:0,(anonymous_1)
FNDA:7,(anonymous_2)
FNDA:1,(anonymous_3)
DA:1,1
DA:2,1
DA:4,1
DA:6,1
DA:7,8
DA:9,8
DA:13,8
DA:16,1
DA:17,0
DA:18,0
DA:20,0
DA:21,0
DA:24,0
DA:25,0
DA:26,0
DA:28,0
DA:34,0
DA:35,0
DA:38,0
DA:41,1
DA:42,7
DA:44,7
DA:49,7
DA:51,7
DA:53,7
DA:54,1
DA:55,1
DA:57,1
DA:63,6
DA:65,6
DA:71,1
DA:72,1
DA:73,1
DA:76,1
LF:34
LH:23
BRDA:7,0,0,8
BRDA:7,0,1,0
BRDA:7,0,2,0
BRDA:9,1,0,8
BRDA:9,1,1,0
BRDA:20,2,0,0
BRDA:20,2,1,0
BRDA:24,3,0,0
BRDA:24,3,1,0
BRDA:24,4,0,0
BRDA:24,4,1,0
BRDA:34,5,0,0
BRDA:34,5,1,0
BRDA:34,6,0,0
BRDA:34,6,1,0
BRDA:44,7,0,7
BRDA:44,7,1,4
BRDA:53,8,0,1
BRDA:53,8,1,6
BRF:19
BRH:6
end_of_record
TN:
SF:src\utils\clockPosition.utils.js
FN:1,(anonymous_0)
FN:5,(anonymous_1)
FN:6,(anonymous_2)
FN:13,(anonymous_3)
FN:14,(anonymous_4)
FN:19,(anonymous_5)
FNF:6
FNH:6
FNDA:14,(anonymous_0)
FNDA:4,(anonymous_1)
FNDA:12,(anonymous_2)
FNDA:3,(anonymous_3)
FNDA:9,(anonymous_4)
FNDA:2,(anonymous_5)
DA:1,1
DA:2,14
DA:5,1
DA:6,4
DA:7,12
DA:10,4
DA:13,1
DA:14,9
DA:16,3
DA:19,1
DA:20,2
DA:22,2
DA:23,0
DA:29,2
DA:30,1
DA:33,2
DA:34,1
DA:37,2
DA:43,1
LF:19
LH:18
BRDA:2,0,0,14
BRDA:2,0,1,0
BRDA:22,1,0,0
BRDA:22,1,1,2
BRDA:29,2,0,1
BRDA:29,2,1,1
BRDA:33,3,0,1
BRDA:33,3,1,1
BRF:8
BRH:6
end_of_record
TN:
SF:src\utils\crypto.utils.js
FN:5,getKey
FN:21,encryptToken
FN:41,decryptToken
FNF:3
FNH:3
FNDA:4,getKey
FNDA:3,encryptToken
FNDA:1,decryptToken
DA:1,1
DA:3,1
DA:6,4
DA:8,4
DA:9,0
DA:12,4
DA:14,4
DA:15,0
DA:18,4
DA:22,3
DA:24,3
DA:25,3
DA:27,3
DA:32,3
DA:34,3
DA:42,1
DA:44,1
DA:46,1
DA:47,0
DA:50,1
DA:51,1
DA:52,1
DA:54,1
DA:55,1
DA:57,1
DA:62,1
DA:65,1
LF:27
LH:24
BRDA:8,0,0,0
BRDA:8,0,1,4
BRDA:14,1,0,0
BRDA:14,1,1,4
BRDA:22,2,0,0
BRDA:22,2,1,3
BRDA:42,3,0,0
BRDA:42,3,1,1
BRDA:46,4,0,0
BRDA:46,4,1,1
BRDA:46,5,0,1
BRDA:46,5,1,1
BRDA:46,5,2,1
BRF:13
BRH:8
end_of_record
TN:
SF:src\utils\pin.utils.js
FN:1,(anonymous_0)
FN:5,(anonymous_1)
FN:9,(anonymous_2)
FNF:3
FNH:3
FNDA:1,(anonymous_0)
FNDA:10,(anonymous_1)
FNDA:9,(anonymous_2)
DA:1,1
DA:2,1
DA:5,1
DA:6,10
DA:9,1
DA:10,9
DA:13,1
LF:7
LH:7
BRDA:2,0,0,1
BRDA:2,0,1,0
BRDA:6,1,0,10
BRDA:6,1,1,1
BRF:4
BRH:3
end_of_record
TN:
SF:src\utils\schedule.utils.js
FN:1,(anonymous_0)
FN:15,(anonymous_1)
FN:19,(anonymous_2)
FN:28,(anonymous_3)
FN:29,(anonymous_4)
FN:41,(anonymous_5)
FN:59,(anonymous_6)
FNF:7
FNH:7
FNDA:33,(anonymous_0)
FNDA:9,(anonymous_1)
FNDA:3,(anonymous_2)
FNDA:2,(anonymous_3)
FNDA:2,(anonymous_4)
FNDA:7,(anonymous_5)
FNDA:6,(anonymous_6)
DA:1,1
DA:2,33
DA:3,0
DA:6,33
DA:8,33
DA:9,0
DA:12,33
DA:15,1
DA:16,9
DA:19,1
DA:20,3
DA:21,3
DA:22,3
DA:23,3
DA:25,3
DA:28,1
DA:29,2
DA:30,2
DA:31,2
DA:33,2
DA:34,1
DA:37,1
DA:41,1
DA:42,7
DA:43,0
DA:46,7
DA:47,0
DA:50,7
DA:52,7
DA:53,0
DA:56,7
DA:59,1
DA:60,6
DA:62,6
DA:63,6
DA:67,6
DA:68,1
DA:71,6
DA:72,6
DA:74,6
DA:79,0
DA:84,6
DA:85,2
DA:88,6
DA:94,1
LF:45
LH:39
BRDA:2,0,0,0
BRDA:2,0,1,33
BRDA:8,1,0,0
BRDA:8,1,1,33
BRDA:8,2,0,33
BRDA:8,2,1,33
BRDA:8,2,2,33
BRDA:8,2,3,33
BRDA:25,3,0,3
BRDA:25,3,1,3
BRDA:33,4,0,1
BRDA:33,4,1,1
BRDA:33,5,0,2
BRDA:33,5,1,1
BRDA:41,6,0,0
BRDA:42,7,0,0
BRDA:42,7,1,7
BRDA:42,8,0,7
BRDA:42,8,1,7
BRDA:46,9,0,0
BRDA:46,9,1,7
BRDA:52,10,0,0
BRDA:52,10,1,7
BRDA:59,11,0,2
BRDA:62,12,0,0
BRDA:62,12,1,6
BRDA:63,13,0,1
BRDA:63,13,1,5
BRDA:67,14,0,1
BRDA:67,14,1,5
BRDA:67,15,0,6
BRDA:67,15,1,4
BRDA:71,16,0,0
BRDA:71,16,1,6
BRDA:72,17,0,0
BRDA:72,17,1,6
BRDA:74,18,0,0
BRDA:74,18,1,6
BRDA:75,19,0,6
BRDA:75,19,1,6
BRDA:75,19,2,6
BRDA:84,20,0,2
BRDA:84,20,1,4
BRDA:84,21,0,6
BRDA:84,21,1,3
BRDA:84,21,2,3
BRF:46
BRH:36
end_of_record
TN:
SF:src\utils\servo.utils.js
FN:6,(anonymous_0)
FN:19,(anonymous_1)
FN:28,(anonymous_2)
FNF:3
FNH:3
FNDA:7,(anonymous_0)
FNDA:4,(anonymous_1)
FNDA:6,(anonymous_2)
DA:1,1
DA:2,1
DA:3,1
DA:4,1
DA:6,1
DA:7,7
DA:9,7
DA:10,0
DA:13,7
DA:14,6
DA:16,5
DA:19,1
DA:20,4
DA:22,4
DA:28,1
DA:29,6
DA:30,2
DA:33,4
DA:36,1
LF:19
LH:18
BRDA:9,0,0,0
BRDA:9,0,1,7
BRDA:13,1,0,1
BRDA:13,1,1,6
BRDA:14,2,0,1
BRDA:14,2,1,5
BRDA:28,3,0,0
BRDA:29,4,0,2
BRDA:29,4,1,4
BRDA:29,5,0,6
BRDA:29,5,1,5
BRF:11
BRH:9
end_of_record
